19 행: iSwitchRocker3WayX1 컨트롤의 iProfessionalLibrary.iSwitchRocker3WayX 클래스는 로드한 컨트롤 클래스가 아닙니다.
133 행: iSwitchRocker3WayX2 컨트롤의 iProfessionalLibrary.iSwitchRocker3WayX 클래스는 로드한 컨트롤 클래스가 아닙니다.
158 행: iSwitchRocker3WayX3 컨트롤의 iProfessionalLibrary.iSwitchRocker3WayX 클래스는 로드한 컨트롤 클래스가 아닙니다.
183 행: iSwitchRocker3WayX4 컨트롤의 iProfessionalLibrary.iSwitchRocker3WayX 클래스는 로드한 컨트롤 클래스가 아닙니다.
208 행: iSwitchRocker3WayX5 컨트롤의 iProfessionalLibrary.iSwitchRocker3WayX 클래스는 로드한 컨트롤 클래스가 아닙니다.
233 행: iSwitchRocker3WayX6 컨트롤의 iProfessionalLibrary.iSwitchRocker3WayX 클래스는 로드한 컨트롤 클래스가 아닙니다.
258 행: iSwitchRocker3WayX7 컨트롤의 iProfessionalLibrary.iSwitchRocker3WayX 클래스는 로드한 컨트롤 클래스가 아닙니다.
25 행: iSwitchRocker3WayX1의 ShowFocusRect 속성 이름이 잘못되었습니다. 
26 행: iSwitchRocker3WayX1의 BorderMargin 속성 이름이 잘못되었습니다. 
27 행: iSwitchRocker3WayX1의 RepeatInitialDelay 속성 이름이 잘못되었습니다. 
28 행: iSwitchRocker3WayX1의 RepeatInterval 속성 이름이 잘못되었습니다. 
29 행: iSwitchRocker3WayX1의 Value 속성 이름이 잘못되었습니다. 
30 행: iSwitchRocker3WayX1의 Increment 속성 이름이 잘못되었습니다. 
31 행: iSwitchRocker3WayX1의 UseArrowKeys 속성 이름이 잘못되었습니다. 
32 행: iSwitchRocker3WayX1의 BackGroundColor 속성 이름이 잘못되었습니다. 
35 행: iSwitchRocker3WayX1의 Transparent 속성 이름이 잘못되었습니다. 
36 행: iSwitchRocker3WayX1의 UpdateFrameRate 속성 이름이 잘못되었습니다. 
37 행: iSwitchRocker3WayX1의 OptionSaveAllProperties 속성 이름이 잘못되었습니다. 
38 행: iSwitchRocker3WayX1의 AutoFrameRate 속성 이름이 잘못되었습니다. 
39 행: iSwitchRocker3WayX1의 Object.Visible 속성 이름이 잘못되었습니다. 
40 행: iSwitchRocker3WayX1의 Object.Width 속성 이름이 잘못되었습니다. 
41 행: iSwitchRocker3WayX1의 Object.Height 속성 이름이 잘못되었습니다. 
42 행: iSwitchRocker3WayX1의 OPCItemCount 속성 이름이 잘못되었습니다. 
139 행: iSwitchRocker3WayX2의 ShowFocusRect 속성 이름이 잘못되었습니다. 
140 행: iSwitchRocker3WayX2의 BorderMargin 속성 이름이 잘못되었습니다. 
141 행: iSwitchRocker3WayX2의 RepeatInitialDelay 속성 이름이 잘못되었습니다. 
142 행: iSwitchRocker3WayX2의 RepeatInterval 속성 이름이 잘못되었습니다. 
143 행: iSwitchRocker3WayX2의 Value 속성 이름이 잘못되었습니다. 
144 행: iSwitchRocker3WayX2의 Increment 속성 이름이 잘못되었습니다. 
145 행: iSwitchRocker3WayX2의 UseArrowKeys 속성 이름이 잘못되었습니다. 
146 행: iSwitchRocker3WayX2의 BackGroundColor 속성 이름이 잘못되었습니다. 
149 행: iSwitchRocker3WayX2의 Transparent 속성 이름이 잘못되었습니다. 
150 행: iSwitchRocker3WayX2의 UpdateFrameRate 속성 이름이 잘못되었습니다. 
151 행: iSwitchRocker3WayX2의 OptionSaveAllProperties 속성 이름이 잘못되었습니다. 
152 행: iSwitchRocker3WayX2의 AutoFrameRate 속성 이름이 잘못되었습니다. 
153 행: iSwitchRocker3WayX2의 Object.Visible 속성 이름이 잘못되었습니다. 
154 행: iSwitchRocker3WayX2의 Object.Width 속성 이름이 잘못되었습니다. 
155 행: iSwitchRocker3WayX2의 Object.Height 속성 이름이 잘못되었습니다. 
156 행: iSwitchRocker3WayX2의 OPCItemCount 속성 이름이 잘못되었습니다. 
164 행: iSwitchRocker3WayX3의 ShowFocusRect 속성 이름이 잘못되었습니다. 
165 행: iSwitchRocker3WayX3의 BorderMargin 속성 이름이 잘못되었습니다. 
166 행: iSwitchRocker3WayX3의 RepeatInitialDelay 속성 이름이 잘못되었습니다. 
167 행: iSwitchRocker3WayX3의 RepeatInterval 속성 이름이 잘못되었습니다. 
168 행: iSwitchRocker3WayX3의 Value 속성 이름이 잘못되었습니다. 
169 행: iSwitchRocker3WayX3의 Increment 속성 이름이 잘못되었습니다. 
170 행: iSwitchRocker3WayX3의 UseArrowKeys 속성 이름이 잘못되었습니다. 
171 행: iSwitchRocker3WayX3의 BackGroundColor 속성 이름이 잘못되었습니다. 
174 행: iSwitchRocker3WayX3의 Transparent 속성 이름이 잘못되었습니다. 
175 행: iSwitchRocker3WayX3의 UpdateFrameRate 속성 이름이 잘못되었습니다. 
176 행: iSwitchRocker3WayX3의 OptionSaveAllProperties 속성 이름이 잘못되었습니다. 
177 행: iSwitchRocker3WayX3의 AutoFrameRate 속성 이름이 잘못되었습니다. 
178 행: iSwitchRocker3WayX3의 Object.Visible 속성 이름이 잘못되었습니다. 
179 행: iSwitchRocker3WayX3의 Object.Width 속성 이름이 잘못되었습니다. 
180 행: iSwitchRocker3WayX3의 Object.Height 속성 이름이 잘못되었습니다. 
181 행: iSwitchRocker3WayX3의 OPCItemCount 속성 이름이 잘못되었습니다. 
189 행: iSwitchRocker3WayX4의 ShowFocusRect 속성 이름이 잘못되었습니다. 
190 행: iSwitchRocker3WayX4의 BorderMargin 속성 이름이 잘못되었습니다. 
191 행: iSwitchRocker3WayX4의 RepeatInitialDelay 속성 이름이 잘못되었습니다. 
192 행: iSwitchRocker3WayX4의 RepeatInterval 속성 이름이 잘못되었습니다. 
193 행: iSwitchRocker3WayX4의 Value 속성 이름이 잘못되었습니다. 
194 행: iSwitchRocker3WayX4의 Increment 속성 이름이 잘못되었습니다. 
195 행: iSwitchRocker3WayX4의 UseArrowKeys 속성 이름이 잘못되었습니다. 
196 행: iSwitchRocker3WayX4의 BackGroundColor 속성 이름이 잘못되었습니다. 
199 행: iSwitchRocker3WayX4의 Transparent 속성 이름이 잘못되었습니다. 
200 행: iSwitchRocker3WayX4의 UpdateFrameRate 속성 이름이 잘못되었습니다. 
201 행: iSwitchRocker3WayX4의 OptionSaveAllProperties 속성 이름이 잘못되었습니다. 
202 행: iSwitchRocker3WayX4의 AutoFrameRate 속성 이름이 잘못되었습니다. 
203 행: iSwitchRocker3WayX4의 Object.Visible 속성 이름이 잘못되었습니다. 
204 행: iSwitchRocker3WayX4의 Object.Width 속성 이름이 잘못되었습니다. 
205 행: iSwitchRocker3WayX4의 Object.Height 속성 이름이 잘못되었습니다. 
206 행: iSwitchRocker3WayX4의 OPCItemCount 속성 이름이 잘못되었습니다. 
214 행: iSwitchRocker3WayX5의 ShowFocusRect 속성 이름이 잘못되었습니다. 
215 행: iSwitchRocker3WayX5의 BorderMargin 속성 이름이 잘못되었습니다. 
216 행: iSwitchRocker3WayX5의 RepeatInitialDelay 속성 이름이 잘못되었습니다. 
217 행: iSwitchRocker3WayX5의 RepeatInterval 속성 이름이 잘못되었습니다. 
218 행: iSwitchRocker3WayX5의 Value 속성 이름이 잘못되었습니다. 
219 행: iSwitchRocker3WayX5의 Increment 속성 이름이 잘못되었습니다. 
220 행: iSwitchRocker3WayX5의 UseArrowKeys 속성 이름이 잘못되었습니다. 
221 행: iSwitchRocker3WayX5의 BackGroundColor 속성 이름이 잘못되었습니다. 
224 행: iSwitchRocker3WayX5의 Transparent 속성 이름이 잘못되었습니다. 
225 행: iSwitchRocker3WayX5의 UpdateFrameRate 속성 이름이 잘못되었습니다. 
226 행: iSwitchRocker3WayX5의 OptionSaveAllProperties 속성 이름이 잘못되었습니다. 
227 행: iSwitchRocker3WayX5의 AutoFrameRate 속성 이름이 잘못되었습니다. 
228 행: iSwitchRocker3WayX5의 Object.Visible 속성 이름이 잘못되었습니다. 
229 행: iSwitchRocker3WayX5의 Object.Width 속성 이름이 잘못되었습니다. 
230 행: iSwitchRocker3WayX5의 Object.Height 속성 이름이 잘못되었습니다. 
231 행: iSwitchRocker3WayX5의 OPCItemCount 속성 이름이 잘못되었습니다. 
239 행: iSwitchRocker3WayX6의 ShowFocusRect 속성 이름이 잘못되었습니다. 
240 행: iSwitchRocker3WayX6의 BorderMargin 속성 이름이 잘못되었습니다. 
241 행: iSwitchRocker3WayX6의 RepeatInitialDelay 속성 이름이 잘못되었습니다. 
242 행: iSwitchRocker3WayX6의 RepeatInterval 속성 이름이 잘못되었습니다. 
243 행: iSwitchRocker3WayX6의 Value 속성 이름이 잘못되었습니다. 
244 행: iSwitchRocker3WayX6의 Increment 속성 이름이 잘못되었습니다. 
245 행: iSwitchRocker3WayX6의 UseArrowKeys 속성 이름이 잘못되었습니다. 
246 행: iSwitchRocker3WayX6의 BackGroundColor 속성 이름이 잘못되었습니다. 
249 행: iSwitchRocker3WayX6의 Transparent 속성 이름이 잘못되었습니다. 
250 행: iSwitchRocker3WayX6의 UpdateFrameRate 속성 이름이 잘못되었습니다. 
251 행: iSwitchRocker3WayX6의 OptionSaveAllProperties 속성 이름이 잘못되었습니다. 
252 행: iSwitchRocker3WayX6의 AutoFrameRate 속성 이름이 잘못되었습니다. 
253 행: iSwitchRocker3WayX6의 Object.Visible 속성 이름이 잘못되었습니다. 
254 행: iSwitchRocker3WayX6의 Object.Width 속성 이름이 잘못되었습니다. 
255 행: iSwitchRocker3WayX6의 Object.Height 속성 이름이 잘못되었습니다. 
256 행: iSwitchRocker3WayX6의 OPCItemCount 속성 이름이 잘못되었습니다. 
264 행: iSwitchRocker3WayX7의 ShowFocusRect 속성 이름이 잘못되었습니다. 
265 행: iSwitchRocker3WayX7의 BorderMargin 속성 이름이 잘못되었습니다. 
266 행: iSwitchRocker3WayX7의 RepeatInitialDelay 속성 이름이 잘못되었습니다. 
267 행: iSwitchRocker3WayX7의 RepeatInterval 속성 이름이 잘못되었습니다. 
268 행: iSwitchRocker3WayX7의 Value 속성 이름이 잘못되었습니다. 
269 행: iSwitchRocker3WayX7의 Increment 속성 이름이 잘못되었습니다. 
270 행: iSwitchRocker3WayX7의 UseArrowKeys 속성 이름이 잘못되었습니다. 
271 행: iSwitchRocker3WayX7의 BackGroundColor 속성 이름이 잘못되었습니다. 
274 행: iSwitchRocker3WayX7의 Transparent 속성 이름이 잘못되었습니다. 
275 행: iSwitchRocker3WayX7의 UpdateFrameRate 속성 이름이 잘못되었습니다. 
276 행: iSwitchRocker3WayX7의 OptionSaveAllProperties 속성 이름이 잘못되었습니다. 
277 행: iSwitchRocker3WayX7의 AutoFrameRate 속성 이름이 잘못되었습니다. 
278 행: iSwitchRocker3WayX7의 Object.Visible 속성 이름이 잘못되었습니다. 
279 행: iSwitchRocker3WayX7의 Object.Width 속성 이름이 잘못되었습니다. 
280 행: iSwitchRocker3WayX7의 Object.Height 속성 이름이 잘못되었습니다. 
281 행: iSwitchRocker3WayX7의 OPCItemCount 속성 이름이 잘못되었습니다. 
